This file contains any messages produced by compilers while
running configure, to aid debugging if configure makes a mistake.

It was created by ethtool configure 3, which was
generated by GNU Autoconf 2.59.  Invocation command line was

  $ ./configure --host=mipsel-linux ac_cv_func_malloc_0_nonnull=yes

## --------- ##
## Platform. ##
## --------- ##

hostname = stb-bld-00
uname -m = i686
uname -r = 2.6.9-42.ELsmp
uname -s = Linux
uname -v = #1 SMP Wed Jul 12 23:27:17 EDT 2006

/usr/bin/uname -p = unknown
/bin/uname -X     = unknown

/bin/arch              = i686
/usr/bin/arch -k       = unknown
/usr/convex/getsysinfo = unknown
hostinfo               = unknown
/bin/machine           = unknown
/usr/bin/oslevel       = unknown
/bin/universe          = unknown

PATH: /opt/toolchains/crosstools_hf-linux-2.6.18.0_gcc-4.2-11ts_uclibc-nptl-0.9.29-20070423_20090508/bin
PATH: /usr/kerberos/bin
PATH: /usr/local/bin
PATH: /bin
PATH: /usr/bin
PATH: /usr/X11R6/bin
PATH: /bin
PATH: /sbin
PATH: /usr/sbin
PATH: /home/leisun/bin
PATH: /projects/stbtc/crosstools_sf-linux-2.6.12.0_gcc-3.4.6-20_uclibc-0.9.28-20050817_20070131/bin
PATH: /opt/rational/clearcase/bin
PATH: /opt/tools/cadence/tools/bin


## ----------- ##
## Core tests. ##
## ----------- ##

configure:1356: checking for a BSD-compatible install
configure:1411: result: /usr/bin/install -c
configure:1422: checking whether build environment is sane
configure:1465: result: yes
configure:1522: checking for gawk
configure:1538: found /bin/gawk
configure:1548: result: gawk
configure:1558: checking whether make sets $(MAKE)
configure:1578: result: yes
configure:1657: checking for mipsel-linux-strip
configure:1683: result: mipsel-linux-strip
configure:1745: checking whether to enable maintainer-specific portions of Makefiles
configure:1754: result: no
configure:1778: checking for mipsel-linux-gcc
configure:1804: result: mipsel-linux-gcc
configure:2086: checking for C compiler version
configure:2089: mipsel-linux-gcc --version </dev/null >&5
mipsel-linux-gcc (GCC) 4.2.0 20070124 (prerelease) - BRCM 11ts-20090508
Copyright (C) 2006 Free Software Foundation, Inc.
This is free software; see the source for copying conditions.  There is NO
warranty; not even for MERCHANTABILITY or FITNESS FOR A PARTICULAR PURPOSE.

configure:2092: $? = 0
configure:2094: mipsel-linux-gcc -v </dev/null >&5
Using built-in specs.
Target: mipsel-linux-uclibc
Configured with: ../gcc-4.2.0-20070124/configure --prefix=/opt/toolchains/crosstools_hf-linux-2.6.18.0_gcc-4.2-11ts_uclibc-nptl-0.9.29-20070423_20090508/ --build=mipsel-linux --host=mipsel-linux --target=mipsel-linux-uclibc --with-build-sysroot=/usr/src/redhat/BUILD/build_uClibc --enable-languages=c,c++ --disable-__cxa_atexit --enable-target-optspace --with-gnu-ld --with-float=hard --enable-threads --infodir=/opt/toolchains/crosstools_hf-linux-2.6.18.0_gcc-4.2-11ts_uclibc-nptl-0.9.29-20070423_20090508/info --mandir=/opt/toolchains/crosstools_hf-linux-2.6.18.0_gcc-4.2-11ts_uclibc-nptl-0.9.29-20070423_20090508/man --with-arch=mips32 --disable-libmudflap --disable-nls --with-gnu-plts
Thread model: posix
gcc version 4.2.0 20070124 (prerelease) - BRCM 11ts-20090508
configure:2097: $? = 0
configure:2099: mipsel-linux-gcc -V </dev/null >&5
mipsel-linux-gcc: '-V' option must have argument
configure:2102: $? = 1
configure:2125: checking for C compiler default output file name
configure:2128: mipsel-linux-gcc -Os  -Os  -Dlinux -D__linux__ -Dunix -DEMBED -I/exp/leisun/leisun_latest_2631/vobs/Ref_Linux_Kernel/uclinux-rootfs/lib/uClibc/include -I/exp/leisun/leisun_latest_2631/vobs/Ref_Linux_Kernel/uclinux-rootfs -fno-builtin -I/exp/leisun/leisun_latest_2631/vobs/Ref_Linux_Kernel/uclinux-rootfs/linux-2.6.x/include -Os conftest.c  >&5
configure:2131: $? = 0
configure:2177: result: a.out
configure:2182: checking whether the C compiler works
configure:2188: ./a.out
./configure: line 2189: ./a.out: cannot execute binary file
configure:2191: $? = 126
configure:2208: result: yes
configure:2215: checking whether we are cross compiling
configure:2217: result: yes
configure:2220: checking for suffix of executables
configure:2222: mipsel-linux-gcc -o conftest -Os  -Os  -Dlinux -D__linux__ -Dunix -DEMBED -I/exp/leisun/leisun_latest_2631/vobs/Ref_Linux_Kernel/uclinux-rootfs/lib/uClibc/include -I/exp/leisun/leisun_latest_2631/vobs/Ref_Linux_Kernel/uclinux-rootfs -fno-builtin -I/exp/leisun/leisun_latest_2631/vobs/Ref_Linux_Kernel/uclinux-rootfs/linux-2.6.x/include -Os conftest.c  >&5
configure:2225: $? = 0
configure:2250: result: 
configure:2256: checking for suffix of object files
configure:2277: mipsel-linux-gcc -c -Os  conftest.c >&5
configure:2280: $? = 0
configure:2302: result: o
configure:2306: checking whether we are using the GNU C compiler
configure:2330: mipsel-linux-gcc -c -Os  conftest.c >&5
configure:2336: $? = 0
configure:2340: test -z 
			 || test ! -s conftest.err
configure:2343: $? = 0
configure:2346: test -s conftest.o
configure:2349: $? = 0
configure:2362: result: yes
configure:2368: checking whether mipsel-linux-gcc accepts -g
configure:2389: mipsel-linux-gcc -c -g  conftest.c >&5
configure:2395: $? = 0
configure:2399: test -z 
			 || test ! -s conftest.err
configure:2402: $? = 0
configure:2405: test -s conftest.o
configure:2408: $? = 0
configure:2419: result: yes
configure:2436: checking for mipsel-linux-gcc option to accept ANSI C
configure:2506: mipsel-linux-gcc  -c -Os  conftest.c >&5
configure:2512: $? = 0
configure:2516: test -z 
			 || test ! -s conftest.err
configure:2519: $? = 0
configure:2522: test -s conftest.o
configure:2525: $? = 0
configure:2543: result: none needed
configure:2561: mipsel-linux-gcc -c -Os  conftest.c >&5
conftest.c:2: error: expected '=', ',', ';', 'asm' or '__attribute__' before 'me'
configure:2567: $? = 1
configure: failed program was:
| #ifndef __cplusplus
|   choke me
| #endif
configure:2711: checking for style of include used by make
configure:2739: result: GNU
configure:2767: checking dependency style of mipsel-linux-gcc
configure:2852: result: gcc3
configure:2875: checking how to run the C preprocessor
configure:2910: mipsel-linux-gcc -E  conftest.c
configure:2916: $? = 0
configure:2948: mipsel-linux-gcc -E  conftest.c
conftest.c:11:28: error: ac_nonexistent.h: No such file or directory
configure:2954: $? = 1
configure: failed program was:
| /* confdefs.h.  */
| 
| #define PACKAGE_NAME "ethtool"
| #define PACKAGE_TARNAME "ethtool"
| #define PACKAGE_VERSION "3"
| #define PACKAGE_STRING "ethtool 3"
| #define PACKAGE_BUGREPORT "Jeff Garzik <jgarzik@pobox.com>"
| #define PACKAGE "ethtool"
| #define VERSION "3"
| /* end confdefs.h.  */
| #include <ac_nonexistent.h>
configure:2993: result: mipsel-linux-gcc -E
configure:3017: mipsel-linux-gcc -E  conftest.c
configure:3023: $? = 0
configure:3055: mipsel-linux-gcc -E  conftest.c
conftest.c:11:28: error: ac_nonexistent.h: No such file or directory
configure:3061: $? = 1
configure: failed program was:
| /* confdefs.h.  */
| 
| #define PACKAGE_NAME "ethtool"
| #define PACKAGE_TARNAME "ethtool"
| #define PACKAGE_VERSION "3"
| #define PACKAGE_STRING "ethtool 3"
| #define PACKAGE_BUGREPORT "Jeff Garzik <jgarzik@pobox.com>"
| #define PACKAGE "ethtool"
| #define VERSION "3"
| /* end confdefs.h.  */
| #include <ac_nonexistent.h>
configure:3105: checking for egrep
configure:3115: result: grep -E
configure:3121: checking whether mipsel-linux-gcc needs -traditional
configure:3163: result: no
configure:3172: checking for ANSI C header files
configure:3197: mipsel-linux-gcc -c -Os  conftest.c >&5
configure:3203: $? = 0
configure:3207: test -z 
			 || test ! -s conftest.err
configure:3210: $? = 0
configure:3213: test -s conftest.o
configure:3216: $? = 0
configure:3328: result: yes
configure:3352: checking for sys/types.h
configure:3368: mipsel-linux-gcc -c -Os  conftest.c >&5
configure:3374: $? = 0
configure:3378: test -z 
			 || test ! -s conftest.err
configure:3381: $? = 0
configure:3384: test -s conftest.o
configure:3387: $? = 0
configure:3398: result: yes
configure:3352: checking for sys/stat.h
configure:3368: mipsel-linux-gcc -c -Os  conftest.c >&5
configure:3374: $? = 0
configure:3378: test -z 
			 || test ! -s conftest.err
configure:3381: $? = 0
configure:3384: test -s conftest.o
configure:3387: $? = 0
configure:3398: result: yes
configure:3352: checking for stdlib.h
configure:3368: mipsel-linux-gcc -c -Os  conftest.c >&5
configure:3374: $? = 0
configure:3378: test -z 
			 || test ! -s conftest.err
configure:3381: $? = 0
configure:3384: test -s conftest.o
configure:3387: $? = 0
configure:3398: result: yes
configure:3352: checking for string.h
configure:3368: mipsel-linux-gcc -c -Os  conftest.c >&5
configure:3374: $? = 0
configure:3378: test -z 
			 || test ! -s conftest.err
configure:3381: $? = 0
configure:3384: test -s conftest.o
configure:3387: $? = 0
configure:3398: result: yes
configure:3352: checking for memory.h
configure:3368: mipsel-linux-gcc -c -Os  conftest.c >&5
configure:3374: $? = 0
configure:3378: test -z 
			 || test ! -s conftest.err
configure:3381: $? = 0
configure:3384: test -s conftest.o
configure:3387: $? = 0
configure:3398: result: yes
configure:3352: checking for strings.h
configure:3368: mipsel-linux-gcc -c -Os  conftest.c >&5
configure:3374: $? = 0
configure:3378: test -z 
			 || test ! -s conftest.err
configure:3381: $? = 0
configure:3384: test -s conftest.o
configure:3387: $? = 0
configure:3398: result: yes
configure:3352: checking for inttypes.h
configure:3368: mipsel-linux-gcc -c -Os  conftest.c >&5
configure:3374: $? = 0
configure:3378: test -z 
			 || test ! -s conftest.err
configure:3381: $? = 0
configure:3384: test -s conftest.o
configure:3387: $? = 0
configure:3398: result: yes
configure:3352: checking for stdint.h
configure:3368: mipsel-linux-gcc -c -Os  conftest.c >&5
configure:3374: $? = 0
configure:3378: test -z 
			 || test ! -s conftest.err
configure:3381: $? = 0
configure:3384: test -s conftest.o
configure:3387: $? = 0
configure:3398: result: yes
configure:3352: checking for unistd.h
configure:3368: mipsel-linux-gcc -c -Os  conftest.c >&5
configure:3374: $? = 0
configure:3378: test -z 
			 || test ! -s conftest.err
configure:3381: $? = 0
configure:3384: test -s conftest.o
configure:3387: $? = 0
configure:3398: result: yes
configure:3424: checking sys/ioctl.h usability
configure:3436: mipsel-linux-gcc -c -Os  conftest.c >&5
configure:3442: $? = 0
configure:3446: test -z 
			 || test ! -s conftest.err
configure:3449: $? = 0
configure:3452: test -s conftest.o
configure:3455: $? = 0
configure:3465: result: yes
configure:3469: checking sys/ioctl.h presence
configure:3479: mipsel-linux-gcc -E  conftest.c
configure:3485: $? = 0
configure:3505: result: yes
configure:3540: checking for sys/ioctl.h
configure:3547: result: yes
configure:3562: checking for ANSI C header files
configure:3718: result: yes
configure:3733: checking for socket
configure:3790: mipsel-linux-gcc -o conftest -Os  -Os  -Dlinux -D__linux__ -Dunix -DEMBED -I/exp/leisun/leisun_latest_2631/vobs/Ref_Linux_Kernel/uclinux-rootfs/lib/uClibc/include -I/exp/leisun/leisun_latest_2631/vobs/Ref_Linux_Kernel/uclinux-rootfs -fno-builtin -I/exp/leisun/leisun_latest_2631/vobs/Ref_Linux_Kernel/uclinux-rootfs/linux-2.6.x/include -Os conftest.c  >&5
configure:3796: $? = 0
configure:3800: test -z 
			 || test ! -s conftest.err
configure:3803: $? = 0
configure:3806: test -s conftest
configure:3809: $? = 0
configure:3821: result: yes
configure:3733: checking for strtol
configure:3790: mipsel-linux-gcc -o conftest -Os  -Os  -Dlinux -D__linux__ -Dunix -DEMBED -I/exp/leisun/leisun_latest_2631/vobs/Ref_Linux_Kernel/uclinux-rootfs/lib/uClibc/include -I/exp/leisun/leisun_latest_2631/vobs/Ref_Linux_Kernel/uclinux-rootfs -fno-builtin -I/exp/leisun/leisun_latest_2631/vobs/Ref_Linux_Kernel/uclinux-rootfs/linux-2.6.x/include -Os conftest.c  >&5
configure:3796: $? = 0
configure:3800: test -z 
			 || test ! -s conftest.err
configure:3803: $? = 0
configure:3806: test -s conftest
configure:3809: $? = 0
configure:3821: result: yes
configure:3950: creating ./config.status

## ---------------------- ##
## Running config.status. ##
## ---------------------- ##

This file was extended by ethtool config.status 3, which was
generated by GNU Autoconf 2.59.  Invocation command line was

  CONFIG_FILES    = 
  CONFIG_HEADERS  = 
  CONFIG_LINKS    = 
  CONFIG_COMMANDS = 
  $ ./config.status 

on stb-bld-00

config.status:691: creating Makefile
config.status:691: creating ethtool.spec
config.status:795: creating ethtool-config.h
config.status:909: ethtool-config.h is unchanged
config.status:1089: executing depfiles commands

## ---------------- ##
## Cache variables. ##
## ---------------- ##

ac_cv_c_compiler_gnu=yes
ac_cv_env_CC_set=set
ac_cv_env_CC_value=mipsel-linux-gcc
ac_cv_env_CFLAGS_set=set
ac_cv_env_CFLAGS_value=-Os
ac_cv_env_CPPFLAGS_set=
ac_cv_env_CPPFLAGS_value=
ac_cv_env_CPP_set=
ac_cv_env_CPP_value=
ac_cv_env_LDFLAGS_set=set
ac_cv_env_LDFLAGS_value='-Os  -Dlinux -D__linux__ -Dunix -DEMBED -I/exp/leisun/leisun_latest_2631/vobs/Ref_Linux_Kernel/uclinux-rootfs/lib/uClibc/include -I/exp/leisun/leisun_latest_2631/vobs/Ref_Linux_Kernel/uclinux-rootfs -fno-builtin -I/exp/leisun/leisun_latest_2631/vobs/Ref_Linux_Kernel/uclinux-rootfs/linux-2.6.x/include -Os'
ac_cv_env_build_alias_set=
ac_cv_env_build_alias_value=
ac_cv_env_host_alias_set=set
ac_cv_env_host_alias_value=mipsel-linux
ac_cv_env_target_alias_set=
ac_cv_env_target_alias_value=
ac_cv_exeext=
ac_cv_func_malloc_0_nonnull=yes
ac_cv_func_socket=yes
ac_cv_func_strtol=yes
ac_cv_header_inttypes_h=yes
ac_cv_header_memory_h=yes
ac_cv_header_stdc=yes
ac_cv_header_stdint_h=yes
ac_cv_header_stdlib_h=yes
ac_cv_header_string_h=yes
ac_cv_header_strings_h=yes
ac_cv_header_sys_ioctl_h=yes
ac_cv_header_sys_stat_h=yes
ac_cv_header_sys_types_h=yes
ac_cv_header_unistd_h=yes
ac_cv_objext=o
ac_cv_path_install='/usr/bin/install -c'
ac_cv_prog_AWK=gawk
ac_cv_prog_CC=mipsel-linux-gcc
ac_cv_prog_CPP='mipsel-linux-gcc -E'
ac_cv_prog_STRIP=mipsel-linux-strip
ac_cv_prog_cc_g=yes
ac_cv_prog_cc_stdc=
ac_cv_prog_egrep='grep -E'
ac_cv_prog_gcc_traditional=no
ac_cv_prog_make_make_set=yes
am_cv_CC_dependencies_compiler_type=gcc3

## ----------------- ##
## Output variables. ##
## ----------------- ##

ACLOCAL='${SHELL} /exp/leisun/leisun_latest_2631/vobs/Ref_Linux_Kernel/uclinux-rootfs/user/ethtool/missing --run aclocal-1.8'
AMDEPBACKSLASH='\'
AMDEP_FALSE='#'
AMDEP_TRUE=''
AMTAR='${SHELL} /exp/leisun/leisun_latest_2631/vobs/Ref_Linux_Kernel/uclinux-rootfs/user/ethtool/missing --run tar'
AUTOCONF='${SHELL} /exp/leisun/leisun_latest_2631/vobs/Ref_Linux_Kernel/uclinux-rootfs/user/ethtool/missing --run autoconf'
AUTOHEADER='${SHELL} /exp/leisun/leisun_latest_2631/vobs/Ref_Linux_Kernel/uclinux-rootfs/user/ethtool/missing --run autoheader'
AUTOMAKE='${SHELL} /exp/leisun/leisun_latest_2631/vobs/Ref_Linux_Kernel/uclinux-rootfs/user/ethtool/missing --run automake-1.8'
AWK='gawk'
CC='mipsel-linux-gcc'
CCDEPMODE='depmode=gcc3'
CFLAGS='-Os'
CPP='mipsel-linux-gcc -E'
CPPFLAGS=''
CYGPATH_W='echo'
DEFS='-DHAVE_CONFIG_H'
DEPDIR='.deps'
ECHO_C=''
ECHO_N='-n'
ECHO_T=''
EGREP='grep -E'
EXEEXT=''
INSTALL_DATA='${INSTALL} -m 644'
INSTALL_PROGRAM='${INSTALL}'
INSTALL_SCRIPT='${INSTALL}'
INSTALL_STRIP_PROGRAM='${SHELL} $(install_sh) -c -s'
LDFLAGS='-Os  -Dlinux -D__linux__ -Dunix -DEMBED -I/exp/leisun/leisun_latest_2631/vobs/Ref_Linux_Kernel/uclinux-rootfs/lib/uClibc/include -I/exp/leisun/leisun_latest_2631/vobs/Ref_Linux_Kernel/uclinux-rootfs -fno-builtin -I/exp/leisun/leisun_latest_2631/vobs/Ref_Linux_Kernel/uclinux-rootfs/linux-2.6.x/include -Os'
LIBOBJS=''
LIBS=''
LTLIBOBJS=''
MAINT='#'
MAINTAINER_MODE_FALSE=''
MAINTAINER_MODE_TRUE='#'
MAKEINFO='${SHELL} /exp/leisun/leisun_latest_2631/vobs/Ref_Linux_Kernel/uclinux-rootfs/user/ethtool/missing --run makeinfo'
OBJEXT='o'
PACKAGE='ethtool'
PACKAGE_BUGREPORT='Jeff Garzik <jgarzik@pobox.com>'
PACKAGE_NAME='ethtool'
PACKAGE_STRING='ethtool 3'
PACKAGE_TARNAME='ethtool'
PACKAGE_VERSION='3'
PATH_SEPARATOR=':'
SET_MAKE=''
SHELL='/bin/sh'
STRIP='mipsel-linux-strip'
VERSION='3'
ac_ct_CC=''
ac_ct_STRIP=''
am__fastdepCC_FALSE='#'
am__fastdepCC_TRUE=''
am__include='include'
am__leading_dot='.'
am__quote=''
bindir='${exec_prefix}/bin'
build_alias=''
datadir='${prefix}/share'
exec_prefix='${prefix}'
host_alias='mipsel-linux'
includedir='${prefix}/include'
infodir='${prefix}/info'
install_sh='/exp/leisun/leisun_latest_2631/vobs/Ref_Linux_Kernel/uclinux-rootfs/user/ethtool/install-sh'
libdir='${exec_prefix}/lib'
libexecdir='${exec_prefix}/libexec'
localstatedir='${prefix}/var'
mandir='${prefix}/man'
mkdir_p='mkdir -p -- .'
oldincludedir='/usr/include'
prefix='/usr/local'
program_transform_name='s,x,x,'
sbindir='${exec_prefix}/sbin'
sharedstatedir='${prefix}/com'
sysconfdir='${prefix}/etc'
target_alias=''

## ----------- ##
## confdefs.h. ##
## ----------- ##

#define HAVE_INTTYPES_H 1
#define HAVE_MEMORY_H 1
#define HAVE_SOCKET 1
#define HAVE_STDINT_H 1
#define HAVE_STDLIB_H 1
#define HAVE_STRINGS_H 1
#define HAVE_STRING_H 1
#define HAVE_STRTOL 1
#define HAVE_SYS_IOCTL_H 1
#define HAVE_SYS_STAT_H 1
#define HAVE_SYS_TYPES_H 1
#define HAVE_UNISTD_H 1
#define PACKAGE "ethtool"
#define PACKAGE_BUGREPORT "Jeff Garzik <jgarzik@pobox.com>"
#define PACKAGE_NAME "ethtool"
#define PACKAGE_STRING "ethtool 3"
#define PACKAGE_TARNAME "ethtool"
#define PACKAGE_VERSION "3"
#define STDC_HEADERS 1
#define STDC_HEADERS 1
#define VERSION "3"

configure: exit 0
